<?xml version="1.0" encoding="UTF-8"?>
<!-- Generated by org.testng.reporters.JUnitReportReporter -->
<testsuite hostname="KairosHW0441" failures="0" tests="2" name="include_Exclude.LoginToApplication" time="0.000" errors="0" timestamp="2023-04-19T17:12:56 IST" skipped="0">
  <testcase classname="include_Exclude.LoginToApplication" name="loginToApplications" time="0.000"/>
  <system-out/>
  <testcase classname="include_Exclude.LoginToApplication" name="application" time="0.000"/>
  <system-out/>
</testsuite> <!-- include_Exclude.LoginToApplication -->
