<?xml version="1.0" encoding="UTF-8"?>
<!-- Generated by org.testng.reporters.JUnitReportReporter -->
<testsuite hostname="KairosHW0441" failures="0" tests="3" name="mavenEX.ItextContext" time="0.009" errors="0" timestamp="2023-04-19T15:37:14 IST" skipped="0">
  <testcase classname="mavenEX.ItextContext" name="login" time="0.007"/>
  <system-out/>
  <testcase classname="mavenEX.ItextContext" name="enterSigningBtn" time="0.001"/>
  <system-out/>
  <testcase classname="mavenEX.ItextContext" name="logOut" time="0.001"/>
  <system-out/>
</testsuite> <!-- mavenEX.ItextContext -->
