<?xml version="1.0" encoding="UTF-8"?>
<!-- Generated by org.testng.reporters.JUnitReportReporter -->
<testsuite hostname="KairosHW0441" failures="0" tests="2" name="include_Exclude.LaunchURL" time="0.006" errors="0" timestamp="2023-04-19T17:12:56 IST" skipped="0">
  <testcase classname="include_Exclude.LaunchURL" name="getUrl" time="0.001"/>
  <system-out/>
  <testcase classname="include_Exclude.LaunchURL" name="setUrl" time="0.005"/>
  <system-out/>
</testsuite> <!-- include_Exclude.LaunchURL -->
