<?xml version="1.0" encoding="UTF-8"?>
<!-- Generated by org.testng.reporters.JUnitReportReporter -->
<testsuite hostname="KairosHW0441" failures="0" tests="2" name="mavenEX.TestNG" time="0.011" errors="0" timestamp="2023-04-11T14:29:19 IST" skipped="0">
  <testcase classname="mavenEX.TestNG" name="login" time="0.010"/>
  <system-out/>
  <testcase classname="mavenEX.TestNG" name="logout" time="0.001"/>
  <system-out/>
</testsuite> <!-- mavenEX.TestNG -->
