<?xml version="1.0" encoding="UTF-8"?>
<!-- Generated by org.testng.reporters.JUnitReportReporter -->
<testsuite hostname="KairosHW0441" failures="0" tests="2" name="include_Exclude.Home" time="0.001" errors="0" timestamp="2023-04-19T17:11:58 IST" skipped="0">
  <testcase classname="include_Exclude.Home" name="clickOnTextField" time="0.000"/>
  <system-out/>
  <testcase classname="include_Exclude.Home" name="ClickOnPasswordField" time="0.001"/>
  <system-out/>
</testsuite> <!-- include_Exclude.Home -->
