<?xml version="1.0" encoding="UTF-8"?>
<!-- Generated by org.testng.reporters.JUnitReportReporter -->
<testsuite hostname="KairosHW0441" failures="0" tests="1" name="include_Exclude.Parameters" time="11.167" errors="0" timestamp="2023-04-20T14:40:46 IST" skipped="0">
  <testcase classname="include_Exclude.Parameters" name="rediff" time="11.167"/>
  <system-out/>
</testsuite> <!-- include_Exclude.Parameters -->
