<?xml version="1.0" encoding="UTF-8"?>
<!-- Generated by org.testng.reporters.JUnitReportReporter -->
<testsuite hostname="KairosHW0441" failures="0" tests="1" name="include_Exclude.Parameter" time="10.610" errors="0" timestamp="2023-04-20T15:06:49 IST" skipped="0">
  <testcase classname="include_Exclude.Parameter" name="rediff" time="10.610"/>
  <system-out/>
</testsuite> <!-- include_Exclude.Parameter -->
