<?xml version="1.0" encoding="UTF-8"?>
<!-- Generated by org.testng.reporters.JUnitReportReporter -->
<testsuite hostname="KairosHW0441" failures="0" tests="2" name="include_Exclude.Logout" time="0.002" errors="0" timestamp="2023-04-19T17:12:56 IST" skipped="0">
  <testcase classname="include_Exclude.Logout" name="clickOnLogout" time="0.001"/>
  <system-out/>
  <testcase classname="include_Exclude.Logout" name="applicationGetLogout" time="0.001"/>
  <system-out/>
</testsuite> <!-- include_Exclude.Logout -->
